2020-12-13 17:26:29.918  INFO 14356 --- [restartedMain] c.c.e.EmployeePayrollAppApplication      : Starting EmployeePayrollAppApplication using Java 13.0.2 on DESKTOP-49O1GNT with PID 14356 (E:\EmployeePyrollAppSpringBoot\EmployeePayrollApp\target\classes started by devsa in E:\EmployeePyrollAppSpringBoot\EmployeePayrollApp)
2020-12-13 17:26:29.923 DEBUG 14356 --- [restartedMain] c.c.e.EmployeePayrollAppApplication      : Running with Spring Boot v2.4.0, Spring v5.3.1
2020-12-13 17:26:29.923  INFO 14356 --- [restartedMain] c.c.e.EmployeePayrollAppApplication      : No active profile set, falling back to default profiles: default
2020-12-13 17:26:31.767  WARN 14356 --- [restartedMain] com.zaxxer.hikari.util.DriverDataSource  : Registered driver with driverClassName=com.mysql.jdbc.Driver was not found, trying direct instantiation.
2020-12-13 17:26:32.295  WARN 14356 --- [restartedMain] JpaBaseConfiguration$JpaWebConfiguration : spring.jpa.open-in-view is enabled by default. Therefore, database queries may be performed during view rendering. Explicitly configure spring.jpa.open-in-view to disable this warning
2020-12-13 17:26:32.946  INFO 14356 --- [restartedMain] c.c.e.EmployeePayrollAppApplication      : Started EmployeePayrollAppApplication in 3.499 seconds (JVM running for 4.595)
2020-12-13 17:26:32.949  INFO 14356 --- [restartedMain] c.c.e.EmployeePayrollAppApplication      : Employee Payroll App Started
2020-12-13 17:32:30.234  INFO 14356 --- [restartedMain] c.c.e.EmployeePayrollAppApplication      : Starting EmployeePayrollAppApplication using Java 13.0.2 on DESKTOP-49O1GNT with PID 14356 (E:\EmployeePyrollAppSpringBoot\EmployeePayrollApp\target\classes started by devsa in E:\EmployeePyrollAppSpringBoot\EmployeePayrollApp)
2020-12-13 17:32:30.235 DEBUG 14356 --- [restartedMain] c.c.e.EmployeePayrollAppApplication      : Running with Spring Boot v2.4.0, Spring v5.3.1
2020-12-13 17:32:30.236  INFO 14356 --- [restartedMain] c.c.e.EmployeePayrollAppApplication      : No active profile set, falling back to default profiles: default
2020-12-13 17:32:30.655  WARN 14356 --- [restartedMain] com.zaxxer.hikari.util.DriverDataSource  : Registered driver with driverClassName=com.mysql.jdbc.Driver was not found, trying direct instantiation.
2020-12-13 17:32:30.702  WARN 14356 --- [restartedMain] JpaBaseConfiguration$JpaWebConfiguration : spring.jpa.open-in-view is enabled by default. Therefore, database queries may be performed during view rendering. Explicitly configure spring.jpa.open-in-view to disable this warning
2020-12-13 17:32:30.858  INFO 14356 --- [restartedMain] c.c.e.EmployeePayrollAppApplication      : Started EmployeePayrollAppApplication in 0.655 seconds (JVM running for 362.507)
2020-12-13 17:32:30.868  INFO 14356 --- [restartedMain] c.c.e.EmployeePayrollAppApplication      : Employee Payroll App Started
2020-12-13 17:33:22.919  INFO 14356 --- [restartedMain] c.c.e.EmployeePayrollAppApplication      : Starting EmployeePayrollAppApplication using Java 13.0.2 on DESKTOP-49O1GNT with PID 14356 (E:\EmployeePyrollAppSpringBoot\EmployeePayrollApp\target\classes started by devsa in E:\EmployeePyrollAppSpringBoot\EmployeePayrollApp)
2020-12-13 17:33:22.919 DEBUG 14356 --- [restartedMain] c.c.e.EmployeePayrollAppApplication      : Running with Spring Boot v2.4.0, Spring v5.3.1
2020-12-13 17:33:22.919  INFO 14356 --- [restartedMain] c.c.e.EmployeePayrollAppApplication      : No active profile set, falling back to default profiles: default
2020-12-13 17:33:23.279  WARN 14356 --- [restartedMain] com.zaxxer.hikari.util.DriverDataSource  : Registered driver with driverClassName=com.mysql.jdbc.Driver was not found, trying direct instantiation.
2020-12-13 17:33:23.328  WARN 14356 --- [restartedMain] JpaBaseConfiguration$JpaWebConfiguration : spring.jpa.open-in-view is enabled by default. Therefore, database queries may be performed during view rendering. Explicitly configure spring.jpa.open-in-view to disable this warning
2020-12-13 17:33:23.463  INFO 14356 --- [restartedMain] c.c.e.EmployeePayrollAppApplication      : Started EmployeePayrollAppApplication in 0.571 seconds (JVM running for 415.112)
2020-12-13 17:33:23.466  INFO 14356 --- [restartedMain] c.c.e.EmployeePayrollAppApplication      : Employee Payroll App Started
2020-12-13 17:33:54.419  INFO 14356 --- [restartedMain] c.c.e.EmployeePayrollAppApplication      : Starting EmployeePayrollAppApplication using Java 13.0.2 on DESKTOP-49O1GNT with PID 14356 (E:\EmployeePyrollAppSpringBoot\EmployeePayrollApp\target\classes started by devsa in E:\EmployeePyrollAppSpringBoot\EmployeePayrollApp)
2020-12-13 17:33:54.420 DEBUG 14356 --- [restartedMain] c.c.e.EmployeePayrollAppApplication      : Running with Spring Boot v2.4.0, Spring v5.3.1
2020-12-13 17:33:54.420  INFO 14356 --- [restartedMain] c.c.e.EmployeePayrollAppApplication      : No active profile set, falling back to default profiles: default
2020-12-13 17:33:54.763  WARN 14356 --- [restartedMain] com.zaxxer.hikari.util.DriverDataSource  : Registered driver with driverClassName=com.mysql.jdbc.Driver was not found, trying direct instantiation.
2020-12-13 17:33:54.807  WARN 14356 --- [restartedMain] JpaBaseConfiguration$JpaWebConfiguration : spring.jpa.open-in-view is enabled by default. Therefore, database queries may be performed during view rendering. Explicitly configure spring.jpa.open-in-view to disable this warning
2020-12-13 17:33:54.951  INFO 14356 --- [restartedMain] c.c.e.EmployeePayrollAppApplication      : Started EmployeePayrollAppApplication in 0.557 seconds (JVM running for 446.6)
2020-12-13 17:33:54.962  INFO 14356 --- [restartedMain] c.c.e.EmployeePayrollAppApplication      : Employee Payroll App Started
2020-12-13 17:34:06.686  INFO 14356 --- [restartedMain] c.c.e.EmployeePayrollAppApplication      : Starting EmployeePayrollAppApplication using Java 13.0.2 on DESKTOP-49O1GNT with PID 14356 (E:\EmployeePyrollAppSpringBoot\EmployeePayrollApp\target\classes started by devsa in E:\EmployeePyrollAppSpringBoot\EmployeePayrollApp)
2020-12-13 17:34:06.686 DEBUG 14356 --- [restartedMain] c.c.e.EmployeePayrollAppApplication      : Running with Spring Boot v2.4.0, Spring v5.3.1
2020-12-13 17:34:06.686  INFO 14356 --- [restartedMain] c.c.e.EmployeePayrollAppApplication      : No active profile set, falling back to default profiles: default
2020-12-13 17:34:07.017  WARN 14356 --- [restartedMain] com.zaxxer.hikari.util.DriverDataSource  : Registered driver with driverClassName=com.mysql.jdbc.Driver was not found, trying direct instantiation.
2020-12-13 17:34:07.056  WARN 14356 --- [restartedMain] JpaBaseConfiguration$JpaWebConfiguration : spring.jpa.open-in-view is enabled by default. Therefore, database queries may be performed during view rendering. Explicitly configure spring.jpa.open-in-view to disable this warning
2020-12-13 17:34:07.165  INFO 14356 --- [restartedMain] c.c.e.EmployeePayrollAppApplication      : Started EmployeePayrollAppApplication in 0.504 seconds (JVM running for 458.814)
2020-12-13 17:34:07.168  INFO 14356 --- [restartedMain] c.c.e.EmployeePayrollAppApplication      : Employee Payroll App Started
2020-12-13 17:34:31.028  INFO 14356 --- [restartedMain] c.c.e.EmployeePayrollAppApplication      : Starting EmployeePayrollAppApplication using Java 13.0.2 on DESKTOP-49O1GNT with PID 14356 (E:\EmployeePyrollAppSpringBoot\EmployeePayrollApp\target\classes started by devsa in E:\EmployeePyrollAppSpringBoot\EmployeePayrollApp)
2020-12-13 17:34:31.028 DEBUG 14356 --- [restartedMain] c.c.e.EmployeePayrollAppApplication      : Running with Spring Boot v2.4.0, Spring v5.3.1
2020-12-13 17:34:31.028  INFO 14356 --- [restartedMain] c.c.e.EmployeePayrollAppApplication      : No active profile set, falling back to default profiles: default
2020-12-13 17:34:31.370  WARN 14356 --- [restartedMain] com.zaxxer.hikari.util.DriverDataSource  : Registered driver with driverClassName=com.mysql.jdbc.Driver was not found, trying direct instantiation.
2020-12-13 17:34:31.413  WARN 14356 --- [restartedMain] JpaBaseConfiguration$JpaWebConfiguration : spring.jpa.open-in-view is enabled by default. Therefore, database queries may be performed during view rendering. Explicitly configure spring.jpa.open-in-view to disable this warning
2020-12-13 17:34:31.534  INFO 14356 --- [restartedMain] c.c.e.EmployeePayrollAppApplication      : Started EmployeePayrollAppApplication in 0.529 seconds (JVM running for 483.182)
2020-12-13 17:34:31.540  INFO 14356 --- [restartedMain] c.c.e.EmployeePayrollAppApplication      : Employee Payroll App Started
2020-12-13 17:36:19.095  INFO 14356 --- [restartedMain] c.c.e.EmployeePayrollAppApplication      : Starting EmployeePayrollAppApplication using Java 13.0.2 on DESKTOP-49O1GNT with PID 14356 (E:\EmployeePyrollAppSpringBoot\EmployeePayrollApp\target\classes started by devsa in E:\EmployeePyrollAppSpringBoot\EmployeePayrollApp)
2020-12-13 17:36:19.096 DEBUG 14356 --- [restartedMain] c.c.e.EmployeePayrollAppApplication      : Running with Spring Boot v2.4.0, Spring v5.3.1
2020-12-13 17:36:19.096  INFO 14356 --- [restartedMain] c.c.e.EmployeePayrollAppApplication      : No active profile set, falling back to default profiles: default
2020-12-13 17:36:19.429  WARN 14356 --- [restartedMain] com.zaxxer.hikari.util.DriverDataSource  : Registered driver with driverClassName=com.mysql.jdbc.Driver was not found, trying direct instantiation.
2020-12-13 17:36:19.475  WARN 14356 --- [restartedMain] JpaBaseConfiguration$JpaWebConfiguration : spring.jpa.open-in-view is enabled by default. Therefore, database queries may be performed during view rendering. Explicitly configure spring.jpa.open-in-view to disable this warning
2020-12-13 17:36:19.600  INFO 14356 --- [restartedMain] c.c.e.EmployeePayrollAppApplication      : Started EmployeePayrollAppApplication in 0.528 seconds (JVM running for 591.249)
2020-12-13 17:36:19.602  INFO 14356 --- [restartedMain] c.c.e.EmployeePayrollAppApplication      : Employee Payroll App Started
2020-12-13 17:36:45.489  INFO 14356 --- [restartedMain] c.c.e.EmployeePayrollAppApplication      : Starting EmployeePayrollAppApplication using Java 13.0.2 on DESKTOP-49O1GNT with PID 14356 (E:\EmployeePyrollAppSpringBoot\EmployeePayrollApp\target\classes started by devsa in E:\EmployeePyrollAppSpringBoot\EmployeePayrollApp)
2020-12-13 17:36:45.489 DEBUG 14356 --- [restartedMain] c.c.e.EmployeePayrollAppApplication      : Running with Spring Boot v2.4.0, Spring v5.3.1
2020-12-13 17:36:45.489  INFO 14356 --- [restartedMain] c.c.e.EmployeePayrollAppApplication      : No active profile set, falling back to default profiles: default
2020-12-13 17:36:45.832  WARN 14356 --- [restartedMain] com.zaxxer.hikari.util.DriverDataSource  : Registered driver with driverClassName=com.mysql.jdbc.Driver was not found, trying direct instantiation.
2020-12-13 17:36:45.873  WARN 14356 --- [restartedMain] JpaBaseConfiguration$JpaWebConfiguration : spring.jpa.open-in-view is enabled by default. Therefore, database queries may be performed during view rendering. Explicitly configure spring.jpa.open-in-view to disable this warning
2020-12-13 17:36:45.979  INFO 14356 --- [restartedMain] c.c.e.EmployeePayrollAppApplication      : Started EmployeePayrollAppApplication in 0.515 seconds (JVM running for 617.628)
2020-12-13 17:36:45.983  INFO 14356 --- [restartedMain] c.c.e.EmployeePayrollAppApplication      : Employee Payroll App Started
2020-12-13 17:37:46.421  WARN 14356 --- [restartedMain] com.zaxxer.hikari.util.DriverDataSource  : Registered driver with driverClassName=com.mysql.jdbc.Driver was not found, trying direct instantiation.
2020-12-13 17:37:46.457  WARN 14356 --- [restartedMain] JpaBaseConfiguration$JpaWebConfiguration : spring.jpa.open-in-view is enabled by default. Therefore, database queries may be performed during view rendering. Explicitly configure spring.jpa.open-in-view to disable this warning
2020-12-13 17:38:04.341  INFO 14356 --- [restartedMain] c.c.e.EmployeePayrollAppApplication      : Starting EmployeePayrollAppApplication using Java 13.0.2 on DESKTOP-49O1GNT with PID 14356 (E:\EmployeePyrollAppSpringBoot\EmployeePayrollApp\target\classes started by devsa in E:\EmployeePyrollAppSpringBoot\EmployeePayrollApp)
2020-12-13 17:38:04.342 DEBUG 14356 --- [restartedMain] c.c.e.EmployeePayrollAppApplication      : Running with Spring Boot v2.4.0, Spring v5.3.1
2020-12-13 17:38:04.342  INFO 14356 --- [restartedMain] c.c.e.EmployeePayrollAppApplication      : No active profile set, falling back to default profiles: default
2020-12-13 17:38:04.640  WARN 14356 --- [restartedMain] com.zaxxer.hikari.util.DriverDataSource  : Registered driver with driverClassName=com.mysql.jdbc.Driver was not found, trying direct instantiation.
2020-12-13 17:38:04.677  WARN 14356 --- [restartedMain] JpaBaseConfiguration$JpaWebConfiguration : spring.jpa.open-in-view is enabled by default. Therefore, database queries may be performed during view rendering. Explicitly configure spring.jpa.open-in-view to disable this warning
2020-12-13 17:38:04.782  INFO 14356 --- [restartedMain] c.c.e.EmployeePayrollAppApplication      : Started EmployeePayrollAppApplication in 0.463 seconds (JVM running for 696.43)
2020-12-13 17:38:04.784  INFO 14356 --- [restartedMain] c.c.e.EmployeePayrollAppApplication      : Employee Payroll App Started
